{"name": "test_navigate_to_shop", "status": "failed", "statusDetails": {"message": "AssertionError: Shop sub domain is broken\nassert 521 <= 400\n +  where 521 = <bound method Home.subdomain_navigation of <Pages.homePage.Home object at 0x7feae63db250>>('//*[@id=\"menu-item-542\"]/a')\n +    where <bound method Home.subdomain_navigation of <Pages.homePage.Home object at 0x7feae63db250>> = <Pages.homePage.Home object at 0x7feae63db250>.subdomain_navigation\n +      where <Pages.homePage.Home object at 0x7feae63db250> = Home(<selenium.webdriver.chrome.webdriver.WebDriver (session=\"5ce5cb4c7fe5cd20c8a62604171ecdd0\")>)\n +        where <selenium.webdriver.chrome.webdriver.WebDriver (session=\"5ce5cb4c7fe5cd20c8a62604171ecdd0\")> = <tests.test_home.TestHome object at 0x7feae6488730>.driver\n +    and   '//*[@id=\"menu-item-542\"]/a' = Locators.shop_subdomain_xpat", "trace": "self = <tests.test_home.TestHome object at 0x7feae6488730>\n\n    @pytest.mark.home_page\n    def test_navigate_to_shop(self):\n>       assert Home(self.driver).subdomain_navigation(Locators.shop_subdomain_xpat) <= 400, \"Shop sub domain is broken\"\nE       AssertionError: Shop sub domain is broken\nE       assert 521 <= 400\nE        +  where 521 = <bound method Home.subdomain_navigation of <Pages.homePage.Home object at 0x7feae63db250>>('//*[@id=\"menu-item-542\"]/a')\nE        +    where <bound method Home.subdomain_navigation of <Pages.homePage.Home object at 0x7feae63db250>> = <Pages.homePage.Home object at 0x7feae63db250>.subdomain_navigation\nE        +      where <Pages.homePage.Home object at 0x7feae63db250> = Home(<selenium.webdriver.chrome.webdriver.WebDriver (session=\"5ce5cb4c7fe5cd20c8a62604171ecdd0\")>)\nE        +        where <selenium.webdriver.chrome.webdriver.WebDriver (session=\"5ce5cb4c7fe5cd20c8a62604171ecdd0\")> = <tests.test_home.TestHome object at 0x7feae6488730>.driver\nE        +    and   '//*[@id=\"menu-item-542\"]/a' = Locators.shop_subdomain_xpat\n\ntests/test_home.py:18: AssertionError"}, "start": 1662786405284, "stop": 1662786406759, "uuid": "1e7a5c2a-1ea6-45fd-8afd-8353883cded7", "historyId": "0d9fd88ad73b584e53ffb81836977ff6", "testCaseId": "ad52f37b0be799cc41716c01300d91f4", "fullName": "tests.test_home.TestHome#test_navigate_to_shop", "labels": [{"name": "tag", "value": "home_page"}, {"name": "tag", "value": "@pytest.mark.usefixtures('init_driver')"}, {"name": "parentSuite", "value": "tests"}, {"name": "suite", "value": "test_home"}, {"name": "subSuite", "value": "TestHome"}, {"name": "host", "value": "mm-MS-7B89"}, {"name": "thread", "value": "18322-MainThread"}, {"name": "framework", "value": "pytest"}, {"name": "language", "value": "cpython3"}, {"name": "package", "value": "tests.test_home"}]}