{"name": "test_navigate_to_ans", "status": "failed", "statusDetails": {"message": "AssertionError: Answer sub domain is broken\nassert 502 <= 400\n +  where 502 = <bound method Home.subdomain_navigation of <Pages.homePage.Home object at 0x7feae63b24f0>>('//*[@id=\"menu-item-544\"]/a')\n +    where <bound method Home.subdomain_navigation of <Pages.homePage.Home object at 0x7feae63b24f0>> = <Pages.homePage.Home object at 0x7feae63b24f0>.subdomain_navigation\n +      where <Pages.homePage.Home object at 0x7feae63b24f0> = Home(<selenium.webdriver.chrome.webdriver.WebDriver (session=\"5ce5cb4c7fe5cd20c8a62604171ecdd0\")>)\n +        where <selenium.webdriver.chrome.webdriver.WebDriver (session=\"5ce5cb4c7fe5cd20c8a62604171ecdd0\")> = <tests.test_home.TestHome object at 0x7feae6414ac0>.driver\n +    and   '//*[@id=\"menu-item-544\"]/a' = Locators.answer_subdomain_xpat", "trace": "self = <tests.test_home.TestHome object at 0x7feae6414ac0>\n\n    @pytest.mark.home_page\n    def test_navigate_to_ans(self):\n>       assert Home(self.driver).subdomain_navigation(\n            Locators.answer_subdomain_xpat) <= 400, \"Answer sub domain is broken\"\nE       AssertionError: Answer sub domain is broken\nE       assert 502 <= 400\nE        +  where 502 = <bound method Home.subdomain_navigation of <Pages.homePage.Home object at 0x7feae63b24f0>>('//*[@id=\"menu-item-544\"]/a')\nE        +    where <bound method Home.subdomain_navigation of <Pages.homePage.Home object at 0x7feae63b24f0>> = <Pages.homePage.Home object at 0x7feae63b24f0>.subdomain_navigation\nE        +      where <Pages.homePage.Home object at 0x7feae63b24f0> = Home(<selenium.webdriver.chrome.webdriver.WebDriver (session=\"5ce5cb4c7fe5cd20c8a62604171ecdd0\")>)\nE        +        where <selenium.webdriver.chrome.webdriver.WebDriver (session=\"5ce5cb4c7fe5cd20c8a62604171ecdd0\")> = <tests.test_home.TestHome object at 0x7feae6414ac0>.driver\nE        +    and   '//*[@id=\"menu-item-544\"]/a' = Locators.answer_subdomain_xpat\n\ntests/test_home.py:27: AssertionError"}, "start": 1662786413399, "stop": 1662786416087, "uuid": "aced6b3d-d70a-4470-bff8-a31756b872a5", "historyId": "c62f07784895a6d47cf09c2148e572d5", "testCaseId": "80e7dce73ebb5ca60d75c964ed6bda82", "fullName": "tests.test_home.TestHome#test_navigate_to_ans", "labels": [{"name": "tag", "value": "home_page"}, {"name": "tag", "value": "@pytest.mark.usefixtures('init_driver')"}, {"name": "parentSuite", "value": "tests"}, {"name": "suite", "value": "test_home"}, {"name": "subSuite", "value": "TestHome"}, {"name": "host", "value": "mm-MS-7B89"}, {"name": "thread", "value": "18322-MainThread"}, {"name": "framework", "value": "pytest"}, {"name": "language", "value": "cpython3"}, {"name": "package", "value": "tests.test_home"}]}