{"name": "test_navigate_to_ans", "status": "failed", "statusDetails": {"message": "AssertionError: Answer sub domain is broken\nassert 502 <= 400\n +  where 502 = <bound method Home.subdomain_navigation of <Pages.homePage.Home object at 0x7f9749403fa0>>('//*[@id=\"menu-item-544\"]/a')\n +    where <bound method Home.subdomain_navigation of <Pages.homePage.Home object at 0x7f9749403fa0>> = <Pages.homePage.Home object at 0x7f9749403fa0>.subdomain_navigation\n +      where <Pages.homePage.Home object at 0x7f9749403fa0> = Home(<selenium.webdriver.chrome.webdriver.WebDriver (session=\"04f24844e48441c1a571b271034fced5\")>)\n +        where <selenium.webdriver.chrome.webdriver.WebDriver (session=\"04f24844e48441c1a571b271034fced5\")> = <tests.test_home.TestHome object at 0x7f9749398100>.driver\n +    and   '//*[@id=\"menu-item-544\"]/a' = Locators.answer_subdomain_xpat", "trace": "self = <tests.test_home.TestHome object at 0x7f9749398100>\n\n    @pytest.mark.home_page\n    def test_navigate_to_ans(self):\n>       assert Home(self.driver).subdomain_navigation(\n            Locators.answer_subdomain_xpat) <= 400, \"Answer sub domain is broken\"\nE       AssertionError: Answer sub domain is broken\nE       assert 502 <= 400\nE        +  where 502 = <bound method Home.subdomain_navigation of <Pages.homePage.Home object at 0x7f9749403fa0>>('//*[@id=\"menu-item-544\"]/a')\nE        +    where <bound method Home.subdomain_navigation of <Pages.homePage.Home object at 0x7f9749403fa0>> = <Pages.homePage.Home object at 0x7f9749403fa0>.subdomain_navigation\nE        +      where <Pages.homePage.Home object at 0x7f9749403fa0> = Home(<selenium.webdriver.chrome.webdriver.WebDriver (session=\"04f24844e48441c1a571b271034fced5\")>)\nE        +        where <selenium.webdriver.chrome.webdriver.WebDriver (session=\"04f24844e48441c1a571b271034fced5\")> = <tests.test_home.TestHome object at 0x7f9749398100>.driver\nE        +    and   '//*[@id=\"menu-item-544\"]/a' = Locators.answer_subdomain_xpat\n\ntests/test_home.py:27: AssertionError"}, "start": 1662272111658, "stop": 1662272113426, "uuid": "2912e23e-9fda-4e18-850f-40e4795d473b", "historyId": "c62f07784895a6d47cf09c2148e572d5", "testCaseId": "80e7dce73ebb5ca60d75c964ed6bda82", "fullName": "tests.test_home.TestHome#test_navigate_to_ans", "labels": [{"name": "tag", "value": "home_page"}, {"name": "tag", "value": "@pytest.mark.usefixtures('init_driver')"}, {"name": "parentSuite", "value": "tests"}, {"name": "suite", "value": "test_home"}, {"name": "subSuite", "value": "TestHome"}, {"name": "host", "value": "walker"}, {"name": "thread", "value": "41695-MainThread"}, {"name": "framework", "value": "pytest"}, {"name": "language", "value": "cpython3"}, {"name": "package", "value": "tests.test_home"}]}